<?xml version="1.0" encoding="UTF-8"?>
<testng-results ignored="0" total="1" passed="1" failed="0" skipped="0">
  <reporter-output>
  </reporter-output>
  <suite started-at="2023-05-24T20:46:49 IST" name="Default suite" finished-at="2023-05-24T20:47:03 IST" duration-ms="13571">
    <groups>
    </groups>
    <test started-at="2023-05-24T20:46:49 IST" name="Default test" finished-at="2023-05-24T20:47:03 IST" duration-ms="13571">
      <class name="testScript.SampleTest1">
        <test-method is-config="true" signature="openApp()[pri:0, instance:testScript.SampleTest1@2dde1bff]" started-at="2023-05-24T20:46:49 IST" name="openApp" finished-at="2023-05-24T20:46:56 IST" duration-ms="6853" status="PASS">
          <reporter-output>
          </reporter-output>
        </test-method> <!-- openApp -->
        <test-method signature="test()[pri:0, instance:testScript.SampleTest1@2dde1bff]" started-at="2023-05-24T20:46:56 IST" name="test" finished-at="2023-05-24T20:47:02 IST" duration-ms="5811" status="PASS">
          <reporter-output>
          </reporter-output>
        </test-method> <!-- test -->
        <test-method is-config="true" signature="closeApp(org.testng.ITestResult)[pri:0, instance:testScript.SampleTest1@2dde1bff]" started-at="2023-05-24T20:47:02 IST" name="closeApp" finished-at="2023-05-24T20:47:03 IST" duration-ms="879" status="PASS">
          <params>
            <param index="0">
              <value>
                <![CDATA[[TestResult name=test status=SUCCESS method=SampleTest1.test()[pri:0, instance:testScript.SampleTest1@2dde1bff] output={null}]]]>
              </value>
            </param>
          </params>
          <reporter-output>
          </reporter-output>
        </test-method> <!-- closeApp -->
      </class> <!-- testScript.SampleTest1 -->
    </test> <!-- Default test -->
  </suite> <!-- Default suite -->
</testng-results>
